2020-04-29 14:35:55.056  WARN 19116 --- [HikariPool-1 housekeeper] com.zaxxer.hikari.pool.HikariPool        : HikariPool-1 - Thread starvation or clock leap detected (housekeeper delta=19h37m8s898ms344µs252ns).
2020-04-29 15:04:37.765  INFO 16740 --- [main] c.e.appointment.AppointmentApplication   : Starting AppointmentApplication on LAPTOP-E7914V2N with PID 16740 (F:\Intellij\Project\appointment\target\classes started by qiuji in F:\Intellij\Project\appointment)
2020-04-29 15:04:37.774 DEBUG 16740 --- [main] c.e.appointment.AppointmentApplication   : Running with Spring Boot v2.2.2.RELEASE, Spring v5.2.2.RELEASE
2020-04-29 15:04:37.776  INFO 16740 --- [main] c.e.appointment.AppointmentApplication   : No active profile set, falling back to default profiles: default
2020-04-29 15:04:42.774  INFO 16740 --- [main] trationDelegate$BeanPostProcessorChecker : Bean 'org.springframework.transaction.annotation.ProxyTransactionManagementConfiguration' of type [org.springframework.transaction.annotation.ProxyTransactionManagementConfiguration] is not eligible for getting processed by all BeanPostProcessors (for example: not eligible for auto-proxying)
2020-04-29 15:04:44.919  INFO 16740 --- [main] o.s.b.w.embedded.tomcat.TomcatWebServer  : Tomcat initialized with port(s): 8080 (http)
2020-04-29 15:04:44.959  INFO 16740 --- [main] o.apache.catalina.core.StandardService   : Starting service [Tomcat]
2020-04-29 15:04:44.960  INFO 16740 --- [main] org.apache.catalina.core.StandardEngine  : Starting Servlet engine: [Apache Tomcat/9.0.29]
2020-04-29 15:04:45.468  INFO 16740 --- [main] o.a.c.c.C.[Tomcat].[localhost].[/]       : Initializing Spring embedded WebApplicationContext
2020-04-29 15:04:45.469  INFO 16740 --- [main] o.s.web.context.ContextLoader            : Root WebApplicationContext: initialization completed in 7564 ms
2020-04-29 15:04:47.946  INFO 16740 --- [main] pertySourcedRequestMappingHandlerMapping : Mapped URL path [/v2/api-docs] onto method [springfox.documentation.swagger2.web.Swagger2Controller#getDocumentation(String, HttpServletRequest)]
2020-04-29 15:04:48.072  INFO 16740 --- [main] o.s.s.concurrent.ThreadPoolTaskExecutor  : Initializing ExecutorService 'applicationTaskExecutor'
2020-04-29 15:04:48.331  INFO 16740 --- [main] d.s.w.p.DocumentationPluginsBootstrapper : Context refreshed
2020-04-29 15:04:48.359  INFO 16740 --- [main] d.s.w.p.DocumentationPluginsBootstrapper : Found 1 custom documentation plugin(s)
2020-04-29 15:04:48.414  INFO 16740 --- [main] s.d.s.w.s.ApiListingReferenceScanner     : Scanning for api listing references
2020-04-29 15:04:48.515  INFO 16740 --- [main] .d.s.w.r.o.CachingOperationNameGenerator : Generating unique operation named: uploadUsingPOST_1
2020-04-29 15:04:48.729  INFO 16740 --- [main] o.s.b.w.embedded.tomcat.TomcatWebServer  : Tomcat started on port(s): 8080 (http) with context path ''
2020-04-29 15:04:48.733  INFO 16740 --- [main] c.e.appointment.AppointmentApplication   : Started AppointmentApplication in 15.19 seconds (JVM running for 17.911)
2020-04-29 15:04:48.736  INFO 16740 --- [main] c.e.appointment.AppointmentApplication   : application is running ...
2020-04-29 15:06:05.604  INFO 16740 --- [http-nio-8080-exec-1] o.a.c.c.C.[Tomcat].[localhost].[/]       : Initializing Spring DispatcherServlet 'dispatcherServlet'
2020-04-29 15:06:05.605  INFO 16740 --- [http-nio-8080-exec-1] o.s.web.servlet.DispatcherServlet        : Initializing Servlet 'dispatcherServlet'
2020-04-29 15:06:05.611  INFO 16740 --- [http-nio-8080-exec-1] o.s.web.servlet.DispatcherServlet        : Completed initialization in 6 ms
2020-04-29 15:06:06.483  INFO 16740 --- [http-nio-8080-exec-2] com.zaxxer.hikari.HikariDataSource       : HikariPool-1 - Starting...
2020-04-29 15:06:07.001  INFO 16740 --- [http-nio-8080-exec-2] com.zaxxer.hikari.HikariDataSource       : HikariPool-1 - Start completed.
2020-04-29 15:06:07.007 DEBUG 16740 --- [http-nio-8080-exec-2] c.e.a.m.user.dao.UserMapper.selectUser   : ==>  Preparing: select * from user 
2020-04-29 15:06:07.025 DEBUG 16740 --- [http-nio-8080-exec-2] c.e.a.m.user.dao.UserMapper.selectUser   : ==> Parameters: 
2020-04-29 15:06:07.060 DEBUG 16740 --- [http-nio-8080-exec-2] c.e.a.m.user.dao.UserMapper.selectUser   : <==      Total: 10
2020-04-29 15:08:25.238 DEBUG 16740 --- [http-nio-8080-exec-5] c.e.a.m.user.dao.UserMapper.selectUser   : ==>  Preparing: select * from user 
2020-04-29 15:08:25.239 DEBUG 16740 --- [http-nio-8080-exec-5] c.e.a.m.user.dao.UserMapper.selectUser   : ==> Parameters: 
2020-04-29 15:08:25.245 DEBUG 16740 --- [http-nio-8080-exec-5] c.e.a.m.user.dao.UserMapper.selectUser   : <==      Total: 10
2020-04-29 15:09:11.019 DEBUG 16740 --- [http-nio-8080-exec-8] c.e.a.m.user.dao.UserMapper.selectUser   : ==>  Preparing: select * from user 
2020-04-29 15:09:11.020 DEBUG 16740 --- [http-nio-8080-exec-8] c.e.a.m.user.dao.UserMapper.selectUser   : ==> Parameters: 
2020-04-29 15:09:11.022 DEBUG 16740 --- [http-nio-8080-exec-8] c.e.a.m.user.dao.UserMapper.selectUser   : <==      Total: 10
2020-04-29 15:10:00.078 DEBUG 16740 --- [http-nio-8080-exec-1] c.e.a.m.user.dao.UserMapper.selectUser   : ==>  Preparing: select * from user 
2020-04-29 15:10:00.079 DEBUG 16740 --- [http-nio-8080-exec-1] c.e.a.m.user.dao.UserMapper.selectUser   : ==> Parameters: 
2020-04-29 15:10:00.081 DEBUG 16740 --- [http-nio-8080-exec-1] c.e.a.m.user.dao.UserMapper.selectUser   : <==      Total: 10
2020-04-29 15:10:34.809 DEBUG 16740 --- [http-nio-8080-exec-4] c.e.a.m.user.dao.UserMapper.selectUser   : ==>  Preparing: select * from user 
2020-04-29 15:10:34.810 DEBUG 16740 --- [http-nio-8080-exec-4] c.e.a.m.user.dao.UserMapper.selectUser   : ==> Parameters: 
2020-04-29 15:10:34.820 DEBUG 16740 --- [http-nio-8080-exec-4] c.e.a.m.user.dao.UserMapper.selectUser   : <==      Total: 10
2020-04-29 15:12:38.356 DEBUG 16740 --- [http-nio-8080-exec-6] c.e.a.m.user.dao.UserMapper.selectUser   : ==>  Preparing: select * from user 
2020-04-29 15:12:38.356 DEBUG 16740 --- [http-nio-8080-exec-6] c.e.a.m.user.dao.UserMapper.selectUser   : ==> Parameters: 
2020-04-29 15:12:38.358 DEBUG 16740 --- [http-nio-8080-exec-6] c.e.a.m.user.dao.UserMapper.selectUser   : <==      Total: 10
2020-04-29 15:13:27.792 DEBUG 16740 --- [http-nio-8080-exec-10] c.e.a.m.user.dao.UserMapper.selectUser   : ==>  Preparing: select * from user 
2020-04-29 15:13:27.793 DEBUG 16740 --- [http-nio-8080-exec-10] c.e.a.m.user.dao.UserMapper.selectUser   : ==> Parameters: 
2020-04-29 15:13:27.796 DEBUG 16740 --- [http-nio-8080-exec-10] c.e.a.m.user.dao.UserMapper.selectUser   : <==      Total: 10
2020-04-29 15:13:28.394 DEBUG 16740 --- [http-nio-8080-exec-1] c.e.a.m.doctor.dao.PaibanMapper.one      : ==>  Preparing: select d.doctor_name,d.doctor_id,dep.department_name,p.one,p.two,p.three,p.four,p.five,p.six,p.seven from doctor d left join paiban p on d.doctor_id = p.doctor_id left join department dep on d.department_id = dep.department_id 
2020-04-29 15:13:28.395 DEBUG 16740 --- [http-nio-8080-exec-1] c.e.a.m.doctor.dao.PaibanMapper.one      : ==> Parameters: 
2020-04-29 15:13:28.477 DEBUG 16740 --- [http-nio-8080-exec-1] c.e.a.m.doctor.dao.PaibanMapper.one      : <==      Total: 41
2020-04-29 15:13:52.850 DEBUG 16740 --- [http-nio-8080-exec-4] c.e.a.m.user.dao.UserMapper.selectUser   : ==>  Preparing: select * from user 
2020-04-29 15:13:52.850 DEBUG 16740 --- [http-nio-8080-exec-4] c.e.a.m.user.dao.UserMapper.selectUser   : ==> Parameters: 
2020-04-29 15:13:52.852 DEBUG 16740 --- [http-nio-8080-exec-4] c.e.a.m.user.dao.UserMapper.selectUser   : <==      Total: 10
2020-04-29 15:22:01.858 DEBUG 16740 --- [http-nio-8080-exec-6] c.e.a.m.user.dao.UserMapper.selectUser   : ==>  Preparing: select * from user 
2020-04-29 15:22:01.859 DEBUG 16740 --- [http-nio-8080-exec-6] c.e.a.m.user.dao.UserMapper.selectUser   : ==> Parameters: 
2020-04-29 15:22:01.860 DEBUG 16740 --- [http-nio-8080-exec-6] c.e.a.m.user.dao.UserMapper.selectUser   : <==      Total: 10
2020-04-29 15:33:15.723  INFO 21996 --- [main] c.e.appointment.AppointmentApplication   : Starting AppointmentApplication on LAPTOP-E7914V2N with PID 21996 (F:\Intellij\Project\appointment\target\classes started by qiuji in F:\Intellij\Project\appointment)
2020-04-29 15:33:15.731 DEBUG 21996 --- [main] c.e.appointment.AppointmentApplication   : Running with Spring Boot v2.2.2.RELEASE, Spring v5.2.2.RELEASE
2020-04-29 15:33:15.733  INFO 21996 --- [main] c.e.appointment.AppointmentApplication   : No active profile set, falling back to default profiles: default
2020-04-29 15:33:20.132  INFO 21996 --- [main] trationDelegate$BeanPostProcessorChecker : Bean 'org.springframework.transaction.annotation.ProxyTransactionManagementConfiguration' of type [org.springframework.transaction.annotation.ProxyTransactionManagementConfiguration] is not eligible for getting processed by all BeanPostProcessors (for example: not eligible for auto-proxying)
2020-04-29 15:33:22.096  INFO 21996 --- [main] o.s.b.w.embedded.tomcat.TomcatWebServer  : Tomcat initialized with port(s): 8080 (http)
2020-04-29 15:33:22.122  INFO 21996 --- [main] o.apache.catalina.core.StandardService   : Starting service [Tomcat]
2020-04-29 15:33:22.123  INFO 21996 --- [main] org.apache.catalina.core.StandardEngine  : Starting Servlet engine: [Apache Tomcat/9.0.29]
2020-04-29 15:33:22.568  INFO 21996 --- [main] o.a.c.c.C.[Tomcat].[localhost].[/]       : Initializing Spring embedded WebApplicationContext
2020-04-29 15:33:22.569  INFO 21996 --- [main] o.s.web.context.ContextLoader            : Root WebApplicationContext: initialization completed in 6685 ms
2020-04-29 15:33:26.850  INFO 21996 --- [main] pertySourcedRequestMappingHandlerMapping : Mapped URL path [/v2/api-docs] onto method [springfox.documentation.swagger2.web.Swagger2Controller#getDocumentation(String, HttpServletRequest)]
2020-04-29 15:33:27.326  INFO 21996 --- [main] o.s.s.concurrent.ThreadPoolTaskExecutor  : Initializing ExecutorService 'applicationTaskExecutor'
2020-04-29 15:33:27.817  INFO 21996 --- [main] d.s.w.p.DocumentationPluginsBootstrapper : Context refreshed
2020-04-29 15:33:27.902  INFO 21996 --- [main] d.s.w.p.DocumentationPluginsBootstrapper : Found 1 custom documentation plugin(s)
2020-04-29 15:33:28.035  INFO 21996 --- [main] s.d.s.w.s.ApiListingReferenceScanner     : Scanning for api listing references
2020-04-29 15:33:28.375  INFO 21996 --- [main] .d.s.w.r.o.CachingOperationNameGenerator : Generating unique operation named: uploadUsingPOST_1
2020-04-29 15:33:28.785  INFO 21996 --- [main] o.s.b.w.embedded.tomcat.TomcatWebServer  : Tomcat started on port(s): 8080 (http) with context path ''
2020-04-29 15:33:28.794  INFO 21996 --- [main] c.e.appointment.AppointmentApplication   : Started AppointmentApplication in 14.877 seconds (JVM running for 19.489)
2020-04-29 15:33:28.799  INFO 21996 --- [main] c.e.appointment.AppointmentApplication   : application is running ...
2020-04-29 15:33:50.658  INFO 21996 --- [http-nio-8080-exec-1] o.a.c.c.C.[Tomcat].[localhost].[/]       : Initializing Spring DispatcherServlet 'dispatcherServlet'
2020-04-29 15:33:50.659  INFO 21996 --- [http-nio-8080-exec-1] o.s.web.servlet.DispatcherServlet        : Initializing Servlet 'dispatcherServlet'
2020-04-29 15:33:50.720  INFO 21996 --- [http-nio-8080-exec-1] o.s.web.servlet.DispatcherServlet        : Completed initialization in 61 ms
2020-04-29 15:35:14.512  INFO 21996 --- [http-nio-8080-exec-4] com.zaxxer.hikari.HikariDataSource       : HikariPool-1 - Starting...
2020-04-29 15:35:15.126  INFO 21996 --- [http-nio-8080-exec-4] com.zaxxer.hikari.HikariDataSource       : HikariPool-1 - Start completed.
2020-04-29 15:35:15.182 DEBUG 21996 --- [http-nio-8080-exec-4] c.e.a.m.user.dao.UserMapper.selectUser   : ==>  Preparing: select * from user where name = ? and password = ? 
2020-04-29 15:35:15.474 DEBUG 21996 --- [http-nio-8080-exec-4] c.e.a.m.user.dao.UserMapper.selectUser   : ==> Parameters: null, null
2020-04-29 15:35:15.646 DEBUG 21996 --- [http-nio-8080-exec-4] c.e.a.m.user.dao.UserMapper.selectUser   : <==      Total: 0
2020-04-29 15:39:52.678 DEBUG 21996 --- [http-nio-8080-exec-2] c.e.a.m.user.dao.UserMapper.selectUser   : ==>  Preparing: select * from user where name = ? and password = ? 
2020-04-29 15:39:52.679 DEBUG 21996 --- [http-nio-8080-exec-2] c.e.a.m.user.dao.UserMapper.selectUser   : ==> Parameters: null, null
2020-04-29 15:39:52.681 DEBUG 21996 --- [http-nio-8080-exec-2] c.e.a.m.user.dao.UserMapper.selectUser   : <==      Total: 0
2020-04-29 15:39:53.875 DEBUG 21996 --- [http-nio-8080-exec-8] c.e.a.m.doctor.dao.PaibanMapper.one      : ==>  Preparing: select d.doctor_name,d.doctor_id,dep.department_name,p.one,p.two,p.three,p.four,p.five,p.six,p.seven from doctor d left join paiban p on d.doctor_id = p.doctor_id left join department dep on d.department_id = dep.department_id 
2020-04-29 15:39:53.875 DEBUG 21996 --- [http-nio-8080-exec-8] c.e.a.m.doctor.dao.PaibanMapper.one      : ==> Parameters: 
2020-04-29 15:39:53.921 DEBUG 21996 --- [http-nio-8080-exec-8] c.e.a.m.doctor.dao.PaibanMapper.one      : <==      Total: 41
2020-04-29 15:40:08.853 DEBUG 21996 --- [http-nio-8080-exec-10] c.e.a.m.user.dao.UserMapper.selectUser   : ==>  Preparing: select * from user where name = ? and password = ? 
2020-04-29 15:40:08.854 DEBUG 21996 --- [http-nio-8080-exec-10] c.e.a.m.user.dao.UserMapper.selectUser   : ==> Parameters: null, null
2020-04-29 15:40:08.857 DEBUG 21996 --- [http-nio-8080-exec-10] c.e.a.m.user.dao.UserMapper.selectUser   : <==      Total: 0
2020-04-29 15:40:10.317 DEBUG 21996 --- [http-nio-8080-exec-7] c.e.a.m.d.d.DoctorMapper.selectDocInfo   : ==>  Preparing: select doc.doctor_name,doctor_sex,dep.department_name ,doc.id_card,u.telphone from doctor doc left join department dep on doc.department_id=dep.department_id left join user u on doc.id_card = u.id_card where 1=1 
2020-04-29 15:40:10.318 DEBUG 21996 --- [http-nio-8080-exec-7] c.e.a.m.d.d.DoctorMapper.selectDocInfo   : ==> Parameters: 
2020-04-29 15:40:10.326 DEBUG 21996 --- [http-nio-8080-exec-7] c.e.a.m.d.d.DoctorMapper.selectDocInfo   : <==      Total: 40
2020-04-29 15:41:52.281 DEBUG 21996 --- [http-nio-8080-exec-4] c.e.a.m.d.d.DoctorMapper.selectDocInfo   : ==>  Preparing: select doc.doctor_name,doctor_sex,dep.department_name ,doc.id_card,u.telphone from doctor doc left join department dep on doc.department_id=dep.department_id left join user u on doc.id_card = u.id_card where 1=1 
2020-04-29 15:41:52.282 DEBUG 21996 --- [http-nio-8080-exec-4] c.e.a.m.d.d.DoctorMapper.selectDocInfo   : ==> Parameters: 
2020-04-29 15:41:52.287 DEBUG 21996 --- [http-nio-8080-exec-4] c.e.a.m.d.d.DoctorMapper.selectDocInfo   : <==      Total: 40
2020-04-29 15:41:55.588 DEBUG 21996 --- [http-nio-8080-exec-5] c.e.a.m.p.dao.PatientMapper.selectList   : ==>  Preparing: SELECT patient_id,name,sex,age,address,native_place,nation,occupation,telphone,time,id_card FROM patient 
2020-04-29 15:41:55.588 DEBUG 21996 --- [http-nio-8080-exec-5] c.e.a.m.p.dao.PatientMapper.selectList   : ==> Parameters: 
2020-04-29 15:41:55.644 DEBUG 21996 --- [http-nio-8080-exec-5] c.e.a.m.p.dao.PatientMapper.selectList   : <==      Total: 1
2020-04-29 15:41:57.412 DEBUG 21996 --- [http-nio-8080-exec-9] c.e.a.m.p.dao.PatientMapper.selectList   : ==>  Preparing: SELECT patient_id,name,sex,age,address,native_place,nation,occupation,telphone,time,id_card FROM patient 
2020-04-29 15:41:57.413 DEBUG 21996 --- [http-nio-8080-exec-9] c.e.a.m.p.dao.PatientMapper.selectList   : ==> Parameters: 
2020-04-29 15:41:57.416 DEBUG 21996 --- [http-nio-8080-exec-9] c.e.a.m.p.dao.PatientMapper.selectList   : <==      Total: 1
2020-04-29 15:42:02.981 DEBUG 21996 --- [http-nio-8080-exec-8] c.e.a.m.d.d.DoctorMapper.selectDocInfo   : ==>  Preparing: select doc.doctor_name,doctor_sex,dep.department_name ,doc.id_card,u.telphone from doctor doc left join department dep on doc.department_id=dep.department_id left join user u on doc.id_card = u.id_card where 1=1 
2020-04-29 15:42:02.982 DEBUG 21996 --- [http-nio-8080-exec-8] c.e.a.m.d.d.DoctorMapper.selectDocInfo   : ==> Parameters: 
2020-04-29 15:42:02.990 DEBUG 21996 --- [http-nio-8080-exec-8] c.e.a.m.d.d.DoctorMapper.selectDocInfo   : <==      Total: 40
2020-04-29 15:42:56.828 DEBUG 21996 --- [http-nio-8080-exec-3] c.e.a.m.d.d.DoctorMapper.selectDocInfo   : ==>  Preparing: select doc.doctor_name,doctor_sex,dep.department_name ,doc.id_card,u.telphone from doctor doc left join department dep on doc.department_id=dep.department_id left join user u on doc.id_card = u.id_card where 1=1 
2020-04-29 15:42:56.828 DEBUG 21996 --- [http-nio-8080-exec-3] c.e.a.m.d.d.DoctorMapper.selectDocInfo   : ==> Parameters: 
2020-04-29 15:42:56.832 DEBUG 21996 --- [http-nio-8080-exec-3] c.e.a.m.d.d.DoctorMapper.selectDocInfo   : <==      Total: 40
2020-04-29 15:44:04.468 DEBUG 21996 --- [http-nio-8080-exec-7] c.e.a.m.d.d.DoctorMapper.selectDocInfo   : ==>  Preparing: select doc.doctor_name,doctor_sex,dep.department_name ,doc.id_card,u.telphone from doctor doc left join department dep on doc.department_id=dep.department_id left join user u on doc.id_card = u.id_card where 1=1 
2020-04-29 15:44:04.468 DEBUG 21996 --- [http-nio-8080-exec-7] c.e.a.m.d.d.DoctorMapper.selectDocInfo   : ==> Parameters: 
2020-04-29 15:44:04.472 DEBUG 21996 --- [http-nio-8080-exec-7] c.e.a.m.d.d.DoctorMapper.selectDocInfo   : <==      Total: 40
2020-04-29 15:44:47.187 DEBUG 21996 --- [http-nio-8080-exec-4] c.e.a.m.d.d.DoctorMapper.selectDocInfo   : ==>  Preparing: select doc.doctor_name,doctor_sex,dep.department_name ,doc.id_card,u.telphone from doctor doc left join department dep on doc.department_id=dep.department_id left join user u on doc.id_card = u.id_card where 1=1 
2020-04-29 15:44:47.189 DEBUG 21996 --- [http-nio-8080-exec-4] c.e.a.m.d.d.DoctorMapper.selectDocInfo   : ==> Parameters: 
2020-04-29 15:44:47.196 DEBUG 21996 --- [http-nio-8080-exec-4] c.e.a.m.d.d.DoctorMapper.selectDocInfo   : <==      Total: 40
2020-04-29 15:45:14.380 DEBUG 21996 --- [http-nio-8080-exec-9] c.e.a.m.d.d.DoctorMapper.selectDocInfo   : ==>  Preparing: select doc.doctor_name,doctor_sex,dep.department_name ,doc.id_card,u.telphone from doctor doc left join department dep on doc.department_id=dep.department_id left join user u on doc.id_card = u.id_card where 1=1 
2020-04-29 15:45:14.380 DEBUG 21996 --- [http-nio-8080-exec-9] c.e.a.m.d.d.DoctorMapper.selectDocInfo   : ==> Parameters: 
2020-04-29 15:45:14.383 DEBUG 21996 --- [http-nio-8080-exec-9] c.e.a.m.d.d.DoctorMapper.selectDocInfo   : <==      Total: 40
2020-04-29 16:02:37.535 DEBUG 21996 --- [http-nio-8080-exec-6] c.e.a.m.user.dao.UserMapper.selectUser   : ==>  Preparing: select * from user where name = ? and password = ? 
2020-04-29 16:02:37.535 DEBUG 21996 --- [http-nio-8080-exec-6] c.e.a.m.user.dao.UserMapper.selectUser   : ==> Parameters: null, null
2020-04-29 16:02:37.537 DEBUG 21996 --- [http-nio-8080-exec-6] c.e.a.m.user.dao.UserMapper.selectUser   : <==      Total: 0
2020-04-29 16:02:39.192 DEBUG 21996 --- [http-nio-8080-exec-3] c.e.a.m.doctor.dao.PaibanMapper.one      : ==>  Preparing: select d.doctor_name,d.doctor_id,dep.department_name,p.one,p.two,p.three,p.four,p.five,p.six,p.seven from doctor d left join paiban p on d.doctor_id = p.doctor_id left join department dep on d.department_id = dep.department_id 
2020-04-29 16:02:39.193 DEBUG 21996 --- [http-nio-8080-exec-3] c.e.a.m.doctor.dao.PaibanMapper.one      : ==> Parameters: 
2020-04-29 16:02:39.196 DEBUG 21996 --- [http-nio-8080-exec-3] c.e.a.m.doctor.dao.PaibanMapper.one      : <==      Total: 41
2020-04-29 16:03:07.847 DEBUG 21996 --- [http-nio-8080-exec-7] c.e.a.m.p.d.A.selectList                 : ==>  Preparing: SELECT appointment_id,appointment_name,appointment_department,appointment_time,appointment_type,appointment_remarks,patient_id FROM appointment 
2020-04-29 16:03:07.849 DEBUG 21996 --- [http-nio-8080-exec-7] c.e.a.m.p.d.A.selectList                 : ==> Parameters: 
2020-04-29 16:03:07.873 DEBUG 21996 --- [http-nio-8080-exec-7] c.e.a.m.p.d.A.selectList                 : <==      Total: 3
2020-04-29 16:03:09.400 DEBUG 21996 --- [http-nio-8080-exec-1] c.e.a.m.p.d.A.selectList                 : ==>  Preparing: SELECT appointment_id,appointment_name,appointment_department,appointment_time,appointment_type,appointment_remarks,patient_id FROM appointment 
2020-04-29 16:03:09.401 DEBUG 21996 --- [http-nio-8080-exec-1] c.e.a.m.p.d.A.selectList                 : ==> Parameters: 
2020-04-29 16:03:09.402 DEBUG 21996 --- [http-nio-8080-exec-1] c.e.a.m.p.d.A.selectList                 : <==      Total: 3
2020-04-29 16:03:10.415 DEBUG 21996 --- [http-nio-8080-exec-4] c.e.a.m.doctor.dao.PaibanMapper.one      : ==>  Preparing: select d.doctor_name,d.doctor_id,dep.department_name,p.one,p.two,p.three,p.four,p.five,p.six,p.seven from doctor d left join paiban p on d.doctor_id = p.doctor_id left join department dep on d.department_id = dep.department_id 
2020-04-29 16:03:10.416 DEBUG 21996 --- [http-nio-8080-exec-4] c.e.a.m.doctor.dao.PaibanMapper.one      : ==> Parameters: 
2020-04-29 16:03:10.427 DEBUG 21996 --- [http-nio-8080-exec-4] c.e.a.m.doctor.dao.PaibanMapper.one      : <==      Total: 41
2020-04-29 16:03:38.744 DEBUG 21996 --- [http-nio-8080-exec-2] c.e.a.m.user.dao.UserMapper.selectUser   : ==>  Preparing: select * from user where name = ? and password = ? 
2020-04-29 16:03:38.745 DEBUG 21996 --- [http-nio-8080-exec-2] c.e.a.m.user.dao.UserMapper.selectUser   : ==> Parameters: null, null
2020-04-29 16:03:38.746 DEBUG 21996 --- [http-nio-8080-exec-2] c.e.a.m.user.dao.UserMapper.selectUser   : <==      Total: 0
2020-04-29 16:03:42.466 DEBUG 21996 --- [http-nio-8080-exec-3] c.e.a.m.p.dao.PatientMapper.selectList   : ==>  Preparing: SELECT patient_id,name,sex,age,address,native_place,nation,occupation,telphone,time,id_card FROM patient 
2020-04-29 16:03:42.466 DEBUG 21996 --- [http-nio-8080-exec-3] c.e.a.m.p.dao.PatientMapper.selectList   : ==> Parameters: 
2020-04-29 16:03:42.468 DEBUG 21996 --- [http-nio-8080-exec-3] c.e.a.m.p.dao.PatientMapper.selectList   : <==      Total: 1
2020-04-29 16:03:43.367 DEBUG 21996 --- [http-nio-8080-exec-10] c.e.a.m.p.dao.PatientMapper.selectList   : ==>  Preparing: SELECT patient_id,name,sex,age,address,native_place,nation,occupation,telphone,time,id_card FROM patient 
2020-04-29 16:03:43.367 DEBUG 21996 --- [http-nio-8080-exec-10] c.e.a.m.p.dao.PatientMapper.selectList   : ==> Parameters: 
2020-04-29 16:03:43.369 DEBUG 21996 --- [http-nio-8080-exec-10] c.e.a.m.p.dao.PatientMapper.selectList   : <==      Total: 1
2020-04-29 16:03:47.142 DEBUG 21996 --- [http-nio-8080-exec-1] c.e.a.m.p.dao.PatientMapper.selectList   : ==>  Preparing: SELECT patient_id,name,sex,age,address,native_place,nation,occupation,telphone,time,id_card FROM patient 
2020-04-29 16:03:47.142 DEBUG 21996 --- [http-nio-8080-exec-1] c.e.a.m.p.dao.PatientMapper.selectList   : ==> Parameters: 
2020-04-29 16:03:47.144 DEBUG 21996 --- [http-nio-8080-exec-1] c.e.a.m.p.dao.PatientMapper.selectList   : <==      Total: 1
2020-04-29 16:04:09.513 DEBUG 21996 --- [http-nio-8080-exec-9] c.e.a.m.p.dao.PatientMapper.selectList   : ==>  Preparing: SELECT patient_id,name,sex,age,address,native_place,nation,occupation,telphone,time,id_card FROM patient 
2020-04-29 16:04:09.513 DEBUG 21996 --- [http-nio-8080-exec-9] c.e.a.m.p.dao.PatientMapper.selectList   : ==> Parameters: 
2020-04-29 16:04:09.515 DEBUG 21996 --- [http-nio-8080-exec-9] c.e.a.m.p.dao.PatientMapper.selectList   : <==      Total: 1
2020-04-29 16:04:10.965 DEBUG 21996 --- [http-nio-8080-exec-8] c.e.a.m.p.dao.PatientMapper.selectList   : ==>  Preparing: SELECT patient_id,name,sex,age,address,native_place,nation,occupation,telphone,time,id_card FROM patient 
2020-04-29 16:04:10.966 DEBUG 21996 --- [http-nio-8080-exec-8] c.e.a.m.p.dao.PatientMapper.selectList   : ==> Parameters: 
2020-04-29 16:04:10.968 DEBUG 21996 --- [http-nio-8080-exec-8] c.e.a.m.p.dao.PatientMapper.selectList   : <==      Total: 1
2020-04-29 16:11:32.187  INFO 21996 --- [SpringContextShutdownHook] o.s.s.concurrent.ThreadPoolTaskExecutor  : Shutting down ExecutorService 'applicationTaskExecutor'
2020-04-29 16:11:32.191  INFO 21996 --- [SpringContextShutdownHook] com.zaxxer.hikari.HikariDataSource       : HikariPool-1 - Shutdown initiated...
2020-04-29 16:11:32.215  INFO 21996 --- [SpringContextShutdownHook] com.zaxxer.hikari.HikariDataSource       : HikariPool-1 - Shutdown completed.
2020-04-29 16:11:49.973  INFO 11616 --- [main] c.e.appointment.AppointmentApplication   : Starting AppointmentApplication on LAPTOP-E7914V2N with PID 11616 (F:\Intellij\Project\appointment\target\classes started by qiuji in F:\Intellij\Project\appointment)
2020-04-29 16:11:49.981 DEBUG 11616 --- [main] c.e.appointment.AppointmentApplication   : Running with Spring Boot v2.2.2.RELEASE, Spring v5.2.2.RELEASE
2020-04-29 16:11:49.983  INFO 11616 --- [main] c.e.appointment.AppointmentApplication   : No active profile set, falling back to default profiles: default
2020-04-29 16:11:55.590  INFO 11616 --- [main] trationDelegate$BeanPostProcessorChecker : Bean 'org.springframework.transaction.annotation.ProxyTransactionManagementConfiguration' of type [org.springframework.transaction.annotation.ProxyTransactionManagementConfiguration] is not eligible for getting processed by all BeanPostProcessors (for example: not eligible for auto-proxying)
2020-04-29 16:11:57.447  INFO 11616 --- [main] o.s.b.w.embedded.tomcat.TomcatWebServer  : Tomcat initialized with port(s): 8080 (http)
2020-04-29 16:11:57.493  INFO 11616 --- [main] o.apache.catalina.core.StandardService   : Starting service [Tomcat]
2020-04-29 16:11:57.494  INFO 11616 --- [main] org.apache.catalina.core.StandardEngine  : Starting Servlet engine: [Apache Tomcat/9.0.29]
2020-04-29 16:11:57.909  INFO 11616 --- [main] o.a.c.c.C.[Tomcat].[localhost].[/]       : Initializing Spring embedded WebApplicationContext
2020-04-29 16:11:57.910  INFO 11616 --- [main] o.s.web.context.ContextLoader            : Root WebApplicationContext: initialization completed in 7716 ms
2020-04-29 16:12:02.285  INFO 11616 --- [main] pertySourcedRequestMappingHandlerMapping : Mapped URL path [/v2/api-docs] onto method [springfox.documentation.swagger2.web.Swagger2Controller#getDocumentation(String, HttpServletRequest)]
2020-04-29 16:12:02.638  INFO 11616 --- [main] o.s.s.concurrent.ThreadPoolTaskExecutor  : Initializing ExecutorService 'applicationTaskExecutor'
2020-04-29 16:12:03.127  INFO 11616 --- [main] d.s.w.p.DocumentationPluginsBootstrapper : Context refreshed
2020-04-29 16:12:03.213  INFO 11616 --- [main] d.s.w.p.DocumentationPluginsBootstrapper : Found 1 custom documentation plugin(s)
2020-04-29 16:12:03.344  INFO 11616 --- [main] s.d.s.w.s.ApiListingReferenceScanner     : Scanning for api listing references
2020-04-29 16:12:03.695  INFO 11616 --- [main] .d.s.w.r.o.CachingOperationNameGenerator : Generating unique operation named: uploadUsingPOST_1
2020-04-29 16:12:04.124  INFO 11616 --- [main] o.s.b.w.embedded.tomcat.TomcatWebServer  : Tomcat started on port(s): 8080 (http) with context path ''
2020-04-29 16:12:04.155  INFO 11616 --- [main] c.e.appointment.AppointmentApplication   : Started AppointmentApplication in 16.413 seconds (JVM running for 18.999)
2020-04-29 16:12:04.160  INFO 11616 --- [main] c.e.appointment.AppointmentApplication   : application is running ...
2020-04-29 16:12:05.561  INFO 11616 --- [http-nio-8080-exec-2] o.a.c.c.C.[Tomcat].[localhost].[/]       : Initializing Spring DispatcherServlet 'dispatcherServlet'
2020-04-29 16:12:05.561  INFO 11616 --- [http-nio-8080-exec-2] o.s.web.servlet.DispatcherServlet        : Initializing Servlet 'dispatcherServlet'
2020-04-29 16:12:05.580  INFO 11616 --- [http-nio-8080-exec-2] o.s.web.servlet.DispatcherServlet        : Completed initialization in 18 ms
2020-04-29 16:12:05.897  INFO 11616 --- [http-nio-8080-exec-3] com.zaxxer.hikari.HikariDataSource       : HikariPool-1 - Starting...
2020-04-29 16:12:06.287  INFO 11616 --- [http-nio-8080-exec-3] com.zaxxer.hikari.HikariDataSource       : HikariPool-1 - Start completed.
2020-04-29 16:12:06.297 DEBUG 11616 --- [http-nio-8080-exec-3] c.e.a.m.user.dao.UserMapper.selectUser   : ==>  Preparing: select * from user where name = ? and password = ? 
2020-04-29 16:12:06.326 DEBUG 11616 --- [http-nio-8080-exec-3] c.e.a.m.user.dao.UserMapper.selectUser   : ==> Parameters: null, null
2020-04-29 16:12:06.361 DEBUG 11616 --- [http-nio-8080-exec-3] c.e.a.m.user.dao.UserMapper.selectUser   : <==      Total: 0
2020-04-29 16:12:06.530 DEBUG 11616 --- [http-nio-8080-exec-6] c.e.a.m.d.d.DoctorMapper.selectDocInfo   : ==>  Preparing: select doc.doctor_name,doctor_sex,dep.department_name ,doc.id_card,u.telphone from doctor doc left join department dep on doc.department_id=dep.department_id left join user u on doc.id_card = u.id_card where 1=1 AND department_name like concat(concat('%',?), '%') AND doctor_name like concat(concat('%',?), '%') 
2020-04-29 16:12:06.532 DEBUG 11616 --- [http-nio-8080-exec-6] c.e.a.m.d.d.DoctorMapper.selectDocInfo   : ==> Parameters: undefined(String), undefined(String)
2020-04-29 16:12:06.558 DEBUG 11616 --- [http-nio-8080-exec-6] c.e.a.m.d.d.DoctorMapper.selectDocInfo   : <==      Total: 0
2020-04-29 16:12:08.839 DEBUG 11616 --- [http-nio-8080-exec-7] c.e.a.m.p.dao.PatientMapper.selectList   : ==>  Preparing: SELECT patient_id,name,sex,age,address,native_place,nation,occupation,telphone,time,id_card FROM patient 
2020-04-29 16:12:08.840 DEBUG 11616 --- [http-nio-8080-exec-7] c.e.a.m.p.dao.PatientMapper.selectList   : ==> Parameters: 
2020-04-29 16:12:08.850 DEBUG 11616 --- [http-nio-8080-exec-7] c.e.a.m.p.dao.PatientMapper.selectList   : <==      Total: 1
2020-04-29 16:12:09.716 DEBUG 11616 --- [http-nio-8080-exec-10] c.e.a.m.p.dao.PatientMapper.selectList   : ==>  Preparing: SELECT patient_id,name,sex,age,address,native_place,nation,occupation,telphone,time,id_card FROM patient 
2020-04-29 16:12:09.717 DEBUG 11616 --- [http-nio-8080-exec-10] c.e.a.m.p.dao.PatientMapper.selectList   : ==> Parameters: 
2020-04-29 16:12:09.721 DEBUG 11616 --- [http-nio-8080-exec-10] c.e.a.m.p.dao.PatientMapper.selectList   : <==      Total: 1
2020-04-29 16:12:10.613 DEBUG 11616 --- [http-nio-8080-exec-4] c.e.a.m.d.d.DoctorMapper.selectDocInfo   : ==>  Preparing: select doc.doctor_name,doctor_sex,dep.department_name ,doc.id_card,u.telphone from doctor doc left join department dep on doc.department_id=dep.department_id left join user u on doc.id_card = u.id_card where 1=1 AND department_name like concat(concat('%',?), '%') AND doctor_name like concat(concat('%',?), '%') 
2020-04-29 16:12:10.614 DEBUG 11616 --- [http-nio-8080-exec-4] c.e.a.m.d.d.DoctorMapper.selectDocInfo   : ==> Parameters: undefined(String), undefined(String)
2020-04-29 16:12:10.615 DEBUG 11616 --- [http-nio-8080-exec-4] c.e.a.m.d.d.DoctorMapper.selectDocInfo   : <==      Total: 0
2020-04-29 16:13:16.885 DEBUG 11616 --- [http-nio-8080-exec-5] c.e.a.m.d.d.DoctorMapper.selectDocInfo   : ==>  Preparing: select doc.doctor_name,doctor_sex,dep.department_name ,doc.id_card,u.telphone from doctor doc left join department dep on doc.department_id=dep.department_id left join user u on doc.id_card = u.id_card where 1=1 AND department_name like concat(concat('%',?), '%') AND doctor_name like concat(concat('%',?), '%') 
2020-04-29 16:13:16.886 DEBUG 11616 --- [http-nio-8080-exec-5] c.e.a.m.d.d.DoctorMapper.selectDocInfo   : ==> Parameters: 韩劼(String), undefined(String)
2020-04-29 16:13:16.888 DEBUG 11616 --- [http-nio-8080-exec-5] c.e.a.m.d.d.DoctorMapper.selectDocInfo   : <==      Total: 0
2020-04-29 16:28:52.650 DEBUG 11616 --- [http-nio-8080-exec-9] c.e.a.m.p.dao.PatientMapper.selectList   : ==>  Preparing: SELECT patient_id,name,sex,age,address,native_place,nation,occupation,telphone,time,id_card FROM patient 
2020-04-29 16:28:52.650 DEBUG 11616 --- [http-nio-8080-exec-9] c.e.a.m.p.dao.PatientMapper.selectList   : ==> Parameters: 
2020-04-29 16:28:52.652 DEBUG 11616 --- [http-nio-8080-exec-9] c.e.a.m.p.dao.PatientMapper.selectList   : <==      Total: 1
2020-04-29 16:29:55.676  INFO 18308 --- [main] c.e.appointment.AppointmentApplication   : Starting AppointmentApplication on LAPTOP-E7914V2N with PID 18308 (F:\Intellij\Project\appointment\target\classes started by qiuji in F:\Intellij\Project\appointment)
2020-04-29 16:29:55.684 DEBUG 18308 --- [main] c.e.appointment.AppointmentApplication   : Running with Spring Boot v2.2.2.RELEASE, Spring v5.2.2.RELEASE
2020-04-29 16:29:55.686  INFO 18308 --- [main] c.e.appointment.AppointmentApplication   : No active profile set, falling back to default profiles: default
2020-04-29 16:29:59.854  INFO 18308 --- [main] trationDelegate$BeanPostProcessorChecker : Bean 'org.springframework.transaction.annotation.ProxyTransactionManagementConfiguration' of type [org.springframework.transaction.annotation.ProxyTransactionManagementConfiguration] is not eligible for getting processed by all BeanPostProcessors (for example: not eligible for auto-proxying)
2020-04-29 16:30:01.470  INFO 18308 --- [main] o.s.b.w.embedded.tomcat.TomcatWebServer  : Tomcat initialized with port(s): 8080 (http)
2020-04-29 16:30:01.494  INFO 18308 --- [main] o.apache.catalina.core.StandardService   : Starting service [Tomcat]
2020-04-29 16:30:01.495  INFO 18308 --- [main] org.apache.catalina.core.StandardEngine  : Starting Servlet engine: [Apache Tomcat/9.0.29]
2020-04-29 16:30:01.896  INFO 18308 --- [main] o.a.c.c.C.[Tomcat].[localhost].[/]       : Initializing Spring embedded WebApplicationContext
2020-04-29 16:30:01.897  INFO 18308 --- [main] o.s.web.context.ContextLoader            : Root WebApplicationContext: initialization completed in 6066 ms
2020-04-29 16:30:05.460  INFO 18308 --- [main] pertySourcedRequestMappingHandlerMapping : Mapped URL path [/v2/api-docs] onto method [springfox.documentation.swagger2.web.Swagger2Controller#getDocumentation(String, HttpServletRequest)]
2020-04-29 16:30:05.749  INFO 18308 --- [main] o.s.s.concurrent.ThreadPoolTaskExecutor  : Initializing ExecutorService 'applicationTaskExecutor'
2020-04-29 16:30:06.186  INFO 18308 --- [main] d.s.w.p.DocumentationPluginsBootstrapper : Context refreshed
2020-04-29 16:30:06.246  INFO 18308 --- [main] d.s.w.p.DocumentationPluginsBootstrapper : Found 1 custom documentation plugin(s)
2020-04-29 16:30:06.328  INFO 18308 --- [main] s.d.s.w.s.ApiListingReferenceScanner     : Scanning for api listing references
2020-04-29 16:30:06.577  INFO 18308 --- [main] .d.s.w.r.o.CachingOperationNameGenerator : Generating unique operation named: uploadUsingPOST_1
2020-04-29 16:30:06.954  INFO 18308 --- [main] o.s.b.w.embedded.tomcat.TomcatWebServer  : Tomcat started on port(s): 8080 (http) with context path ''
2020-04-29 16:30:06.962  INFO 18308 --- [main] c.e.appointment.AppointmentApplication   : Started AppointmentApplication in 12.995 seconds (JVM running for 14.898)
2020-04-29 16:30:06.966  INFO 18308 --- [main] c.e.appointment.AppointmentApplication   : application is running ...
2020-04-29 16:30:12.310  INFO 18308 --- [http-nio-8080-exec-1] o.a.c.c.C.[Tomcat].[localhost].[/]       : Initializing Spring DispatcherServlet 'dispatcherServlet'
2020-04-29 16:30:12.310  INFO 18308 --- [http-nio-8080-exec-1] o.s.web.servlet.DispatcherServlet        : Initializing Servlet 'dispatcherServlet'
2020-04-29 16:30:12.321  INFO 18308 --- [http-nio-8080-exec-1] o.s.web.servlet.DispatcherServlet        : Completed initialization in 11 ms
2020-04-29 16:30:12.450  INFO 18308 --- [http-nio-8080-exec-1] com.zaxxer.hikari.HikariDataSource       : HikariPool-1 - Starting...
2020-04-29 16:30:12.793  INFO 18308 --- [http-nio-8080-exec-1] com.zaxxer.hikari.HikariDataSource       : HikariPool-1 - Start completed.
2020-04-29 16:30:12.798 DEBUG 18308 --- [http-nio-8080-exec-1] c.e.a.m.p.dao.PatientMapper.selectList   : ==>  Preparing: SELECT patient_id,name,sex,age,address,native_place,nation,occupation,telphone,time,id_card FROM patient 
2020-04-29 16:30:12.820 DEBUG 18308 --- [http-nio-8080-exec-1] c.e.a.m.p.dao.PatientMapper.selectList   : ==> Parameters: 
2020-04-29 16:30:12.880 DEBUG 18308 --- [http-nio-8080-exec-1] c.e.a.m.p.dao.PatientMapper.selectList   : <==      Total: 1
2020-04-29 16:30:31.265 DEBUG 18308 --- [http-nio-8080-exec-5] c.e.a.m.p.dao.PatientMapper.selectList   : ==>  Preparing: SELECT patient_id,name,sex,age,address,native_place,nation,occupation,telphone,time,id_card FROM patient 
2020-04-29 16:30:31.266 DEBUG 18308 --- [http-nio-8080-exec-5] c.e.a.m.p.dao.PatientMapper.selectList   : ==> Parameters: 
2020-04-29 16:30:31.270 DEBUG 18308 --- [http-nio-8080-exec-5] c.e.a.m.p.dao.PatientMapper.selectList   : <==      Total: 1
2020-04-29 16:30:32.359 DEBUG 18308 --- [http-nio-8080-exec-4] c.e.a.m.p.dao.PatientMapper.selectList   : ==>  Preparing: SELECT patient_id,name,sex,age,address,native_place,nation,occupation,telphone,time,id_card FROM patient 
2020-04-29 16:30:32.360 DEBUG 18308 --- [http-nio-8080-exec-4] c.e.a.m.p.dao.PatientMapper.selectList   : ==> Parameters: 
2020-04-29 16:30:32.364 DEBUG 18308 --- [http-nio-8080-exec-4] c.e.a.m.p.dao.PatientMapper.selectList   : <==      Total: 1
